This file contains any messages produced by compilers while
running configure, to aid debugging if configure makes a mistake.

It was created by sarg configure 2.3.10, which was
generated by GNU Autoconf 2.69.  Invocation command line was

  $ ./configure 

## --------- ##
## Platform. ##
## --------- ##

hostname = vmhost
uname -m = x86_64
uname -r = 3.10.0-514.6.2.el7.x86_64
uname -s = Linux
uname -v = #1 SMP Thu Feb 23 03:04:39 UTC 2017

/usr/bin/uname -p = x86_64
/bin/uname -X     = unknown

/bin/arch              = x86_64
/usr/bin/arch -k       = unknown
/usr/convex/getsysinfo = unknown
/usr/bin/hostinfo      = unknown
/bin/machine           = unknown
/usr/bin/oslevel       = unknown
/bin/universe          = unknown

PATH: /usr/local/bin
PATH: /usr/local/sbin
PATH: /usr/bin
PATH: /usr/sbin
PATH: /bin
PATH: /sbin
PATH: /home/student/.local/bin
PATH: /home/student/bin


## ----------- ##
## Core tests. ##
## ----------- ##

configure:2504: checking build system type
configure:2518: result: x86_64-unknown-linux-gnu
configure:2538: checking host system type
configure:2551: result: x86_64-unknown-linux-gnu
configure:2631: checking for gcc
configure:2647: found /usr/bin/gcc
configure:2658: result: gcc
configure:2887: checking for C compiler version
configure:2896: gcc --version >&5
gcc (GCC) 4.8.5 20150623 (Red Hat 4.8.5-44)
Copyright (C) 2015 Free Software Foundation, Inc.
This is free software; see the source for copying conditions.  There is NO
warranty; not even for MERCHANTABILITY or FITNESS FOR A PARTICULAR PURPOSE.

configure:2907: $? = 0
configure:2896: gcc -v >&5
Using built-in specs.
COLLECT_GCC=gcc
COLLECT_LTO_WRAPPER=/usr/libexec/gcc/x86_64-redhat-linux/4.8.5/lto-wrapper
Target: x86_64-redhat-linux
Configured with: ../configure --prefix=/usr --mandir=/usr/share/man --infodir=/usr/share/info --with-bugurl=http://bugzilla.redhat.com/bugzilla --enable-bootstrap --enable-shared --enable-threads=posix --enable-checking=release --with-system-zlib --enable-__cxa_atexit --disable-libunwind-exceptions --enable-gnu-unique-object --enable-linker-build-id --with-linker-hash-style=gnu --enable-languages=c,c++,objc,obj-c++,java,fortran,ada,go,lto --enable-plugin --enable-initfini-array --disable-libgcj --with-isl=/builddir/build/BUILD/gcc-4.8.5-20150702/obj-x86_64-redhat-linux/isl-install --with-cloog=/builddir/build/BUILD/gcc-4.8.5-20150702/obj-x86_64-redhat-linux/cloog-install --enable-gnu-indirect-function --with-tune=generic --with-arch_32=x86-64 --build=x86_64-redhat-linux
Thread model: posix
gcc version 4.8.5 20150623 (Red Hat 4.8.5-44) (GCC) 
configure:2907: $? = 0
configure:2896: gcc -V >&5
gcc: error: unrecognized command line option '-V'
gcc: fatal error: no input files
compilation terminated.
configure:2907: $? = 4
configure:2896: gcc -qversion >&5
gcc: error: unrecognized command line option '-qversion'
gcc: fatal error: no input files
compilation terminated.
configure:2907: $? = 4
configure:2927: checking whether the C compiler works
configure:2949: gcc    conftest.c  >&5
configure:2953: $? = 0
configure:3001: result: yes
configure:3004: checking for C compiler default output file name
configure:3006: result: a.out
configure:3012: checking for suffix of executables
configure:3019: gcc -o conftest    conftest.c  >&5
configure:3023: $? = 0
configure:3045: result: 
configure:3067: checking whether we are cross compiling
configure:3075: gcc -o conftest    conftest.c  >&5
configure:3079: $? = 0
configure:3086: ./conftest
configure:3090: $? = 0
configure:3105: result: no
configure:3110: checking for suffix of object files
configure:3132: gcc -c   conftest.c >&5
configure:3136: $? = 0
configure:3157: result: o
configure:3161: checking whether we are using the GNU C compiler
configure:3180: gcc -c   conftest.c >&5
configure:3180: $? = 0
configure:3189: result: yes
configure:3198: checking whether gcc accepts -g
configure:3218: gcc -c -g  conftest.c >&5
configure:3218: $? = 0
configure:3259: result: yes
configure:3276: checking for gcc option to accept ISO C89
configure:3339: gcc  -c -g -O2  conftest.c >&5
configure:3339: $? = 0
configure:3352: result: none needed
configure:3375: checking for gcc option to accept ISO C99
configure:3524: gcc  -c -g -O2  conftest.c >&5
conftest.c:59:29: error: expected ';', ',' or ')' before 'text'
 test_restrict (ccp restrict text)
                             ^
conftest.c: In function 'main':
conftest.c:113:18: error: expected '=', ',', ';', 'asm' or '__attribute__' before 'newvar'
   char *restrict newvar = "Another string";
                  ^
conftest.c:113:18: error: 'newvar' undeclared (first use in this function)
conftest.c:113:18: note: each undeclared identifier is reported only once for each function it appears in
conftest.c:123:3: error: 'for' loop initial declarations are only allowed in C99 mode
   for (int i = 0; i < ia->datasize; ++i)
   ^
conftest.c:123:3: note: use option -std=c99 or -std=gnu99 to compile your code
configure:3524: $? = 1
configure: failed program was:
| /* confdefs.h */
| #define PACKAGE_NAME "sarg"
| #define PACKAGE_TARNAME "sarg"
| #define PACKAGE_VERSION "2.3.10"
| #define PACKAGE_STRING "sarg 2.3.10"
| #define PACKAGE_BUGREPORT ""
| #define PACKAGE_URL ""
| /* end confdefs.h.  */
| #include <stdarg.h>
| #include <stdbool.h>
| #include <stdlib.h>
| #include <wchar.h>
| #include <stdio.h>
| 
| // Check varargs macros.  These examples are taken from C99 6.10.3.5.
| #define debug(...) fprintf (stderr, __VA_ARGS__)
| #define showlist(...) puts (#__VA_ARGS__)
| #define report(test,...) ((test) ? puts (#test) : printf (__VA_ARGS__))
| static void
| test_varargs_macros (void)
| {
|   int x = 1234;
|   int y = 5678;
|   debug ("Flag");
|   debug ("X = %d\n", x);
|   showlist (The first, second, and third items.);
|   report (x>y, "x is %d but y is %d", x, y);
| }
| 
| // Check long long types.
| #define BIG64 18446744073709551615ull
| #define BIG32 4294967295ul
| #define BIG_OK (BIG64 / BIG32 == 4294967297ull && BIG64 % BIG32 == 0)
| #if !BIG_OK
|   your preprocessor is broken;
| #endif
| #if BIG_OK
| #else
|   your preprocessor is broken;
| #endif
| static long long int bignum = -9223372036854775807LL;
| static unsigned long long int ubignum = BIG64;
| 
| struct incomplete_array
| {
|   int datasize;
|   double data[];
| };
| 
| struct named_init {
|   int number;
|   const wchar_t *name;
|   double average;
| };
| 
| typedef const char *ccp;
| 
| static inline int
| test_restrict (ccp restrict text)
| {
|   // See if C++-style comments work.
|   // Iterate through items via the restricted pointer.
|   // Also check for declarations in for loops.
|   for (unsigned int i = 0; *(text+i) != '\0'; ++i)
|     continue;
|   return 0;
| }
| 
| // Check varargs and va_copy.
| static void
| test_varargs (const char *format, ...)
| {
|   va_list args;
|   va_start (args, format);
|   va_list args_copy;
|   va_copy (args_copy, args);
| 
|   const char *str;
|   int number;
|   float fnumber;
| 
|   while (*format)
|     {
|       switch (*format++)
| 	{
| 	case 's': // string
| 	  str = va_arg (args_copy, const char *);
| 	  break;
| 	case 'd': // int
| 	  number = va_arg (args_copy, int);
| 	  break;
| 	case 'f': // float
| 	  fnumber = va_arg (args_copy, double);
| 	  break;
| 	default:
| 	  break;
| 	}
|     }
|   va_end (args_copy);
|   va_end (args);
| }
| 
| int
| main ()
| {
| 
|   // Check bool.
|   _Bool success = false;
| 
|   // Check restrict.
|   if (test_restrict ("String literal") == 0)
|     success = true;
|   char *restrict newvar = "Another string";
| 
|   // Check varargs.
|   test_varargs ("s, d' f .", "string", 65, 34.234);
|   test_varargs_macros ();
| 
|   // Check flexible array members.
|   struct incomplete_array *ia =
|     malloc (sizeof (struct incomplete_array) + (sizeof (double) * 10));
|   ia->datasize = 10;
|   for (int i = 0; i < ia->datasize; ++i)
|     ia->data[i] = i * 1.234;
| 
|   // Check named initializers.
|   struct named_init ni = {
|     .number = 34,
|     .name = L"Test wide string",
|     .average = 543.34343,
|   };
| 
|   ni.number = 58;
| 
|   int dynamic_array[ni.number];
|   dynamic_array[ni.number - 1] = 543;
| 
|   // work around unused variable warnings
|   return (!success || bignum == 0LL || ubignum == 0uLL || newvar[0] == 'x'
| 	  || dynamic_array[ni.number - 1] != 543);
| 
|   ;
|   return 0;
| }
configure:3524: gcc -std=gnu99 -c -g -O2  conftest.c >&5
configure:3524: $? = 0
configure:3544: result: -std=gnu99
configure:3557: checking for extra warnings flag in gcc -std=gnu99
configure:3566: gcc -std=gnu99 -c -g -O2 -Wall -Wno-sign-compare -Wextra -Wno-unused-parameter  conftest.c >&5
configure:3566: $? = 0
configure:3572: result: yes
configure:3578: checking for implicit-function-declaration error flag in gcc -std=gnu99
configure:3586: gcc -std=gnu99 -c -g -O2 -Wall -Wno-sign-compare -Wextra -Wno-unused-parameter -Werror=implicit-function-declaration  conftest.c >&5
configure:3586: $? = 0
configure:3592: result: yes
configure:3598: checking for format error flag in gcc -std=gnu99
configure:3606: gcc -std=gnu99 -c -g -O2 -Wall -Wno-sign-compare -Wextra -Wno-unused-parameter -Werror=implicit-function-declaration -Werror=format  conftest.c >&5
configure:3606: $? = 0
configure:3612: result: yes
configure:3631: checking for dirent.h that defines DIR
configure:3650: gcc -std=gnu99 -c -g -O2 -Wall -Wno-sign-compare -Wextra -Wno-unused-parameter -Werror=implicit-function-declaration -Werror=format  conftest.c >&5
configure:3650: $? = 0
configure:3658: result: yes
configure:3671: checking for library containing opendir
configure:3702: gcc -std=gnu99 -o conftest -g -O2 -Wall -Wno-sign-compare -Wextra -Wno-unused-parameter -Werror=implicit-function-declaration -Werror=format   conftest.c  >&5
configure:3702: $? = 0
configure:3719: result: none required
configure:3791: checking how to run the C preprocessor
configure:3822: gcc -std=gnu99 -E  conftest.c
configure:3822: $? = 0
configure:3836: gcc -std=gnu99 -E  conftest.c
conftest.c:10:28: fatal error: ac_nonexistent.h: No such file or directory
 #include <ac_nonexistent.h>
                            ^
compilation terminated.
configure:3836: $? = 1
configure: failed program was:
| /* confdefs.h */
| #define PACKAGE_NAME "sarg"
| #define PACKAGE_TARNAME "sarg"
| #define PACKAGE_VERSION "2.3.10"
| #define PACKAGE_STRING "sarg 2.3.10"
| #define PACKAGE_BUGREPORT ""
| #define PACKAGE_URL ""
| #define HAVE_DIRENT_H 1
| /* end confdefs.h.  */
| #include <ac_nonexistent.h>
configure:3861: result: gcc -std=gnu99 -E
configure:3881: gcc -std=gnu99 -E  conftest.c
configure:3881: $? = 0
configure:3895: gcc -std=gnu99 -E  conftest.c
conftest.c:10:28: fatal error: ac_nonexistent.h: No such file or directory
 #include <ac_nonexistent.h>
                            ^
compilation terminated.
configure:3895: $? = 1
configure: failed program was:
| /* confdefs.h */
| #define PACKAGE_NAME "sarg"
| #define PACKAGE_TARNAME "sarg"
| #define PACKAGE_VERSION "2.3.10"
| #define PACKAGE_STRING "sarg 2.3.10"
| #define PACKAGE_BUGREPORT ""
| #define PACKAGE_URL ""
| #define HAVE_DIRENT_H 1
| /* end confdefs.h.  */
| #include <ac_nonexistent.h>
configure:3924: checking for grep that handles long lines and -e
configure:3982: result: /usr/bin/grep
configure:3987: checking for egrep
configure:4049: result: /usr/bin/grep -E
configure:4054: checking for ANSI C header files
configure:4074: gcc -std=gnu99 -c -g -O2 -Wall -Wno-sign-compare -Wextra -Wno-unused-parameter -Werror=implicit-function-declaration -Werror=format  conftest.c >&5
configure:4074: $? = 0
configure:4147: gcc -std=gnu99 -o conftest -g -O2 -Wall -Wno-sign-compare -Wextra -Wno-unused-parameter -Werror=implicit-function-declaration -Werror=format   conftest.c  >&5
configure:4147: $? = 0
configure:4147: ./conftest
configure:4147: $? = 0
configure:4158: result: yes
configure:4173: checking for sys/types.h
configure:4173: gcc -std=gnu99 -c -g -O2 -Wall -Wno-sign-compare -Wextra -Wno-unused-parameter -Werror=implicit-function-declaration -Werror=format  conftest.c >&5
configure:4173: $? = 0
configure:4173: result: yes
configure:4173: checking for sys/stat.h
configure:4173: gcc -std=gnu99 -c -g -O2 -Wall -Wno-sign-compare -Wextra -Wno-unused-parameter -Werror=implicit-function-declaration -Werror=format  conftest.c >&5
configure:4173: $? = 0
configure:4173: result: yes
configure:4173: checking for stdlib.h
configure:4173: gcc -std=gnu99 -c -g -O2 -Wall -Wno-sign-compare -Wextra -Wno-unused-parameter -Werror=implicit-function-declaration -Werror=format  conftest.c >&5
configure:4173: $? = 0
configure:4173: result: yes
configure:4173: checking for string.h
configure:4173: gcc -std=gnu99 -c -g -O2 -Wall -Wno-sign-compare -Wextra -Wno-unused-parameter -Werror=implicit-function-declaration -Werror=format  conftest.c >&5
configure:4173: $? = 0
configure:4173: result: yes
configure:4173: checking for memory.h
configure:4173: gcc -std=gnu99 -c -g -O2 -Wall -Wno-sign-compare -Wextra -Wno-unused-parameter -Werror=implicit-function-declaration -Werror=format  conftest.c >&5
configure:4173: $? = 0
configure:4173: result: yes
configure:4173: checking for strings.h
configure:4173: gcc -std=gnu99 -c -g -O2 -Wall -Wno-sign-compare -Wextra -Wno-unused-parameter -Werror=implicit-function-declaration -Werror=format  conftest.c >&5
configure:4173: $? = 0
configure:4173: result: yes
configure:4173: checking for inttypes.h
configure:4173: gcc -std=gnu99 -c -g -O2 -Wall -Wno-sign-compare -Wextra -Wno-unused-parameter -Werror=implicit-function-declaration -Werror=format  conftest.c >&5
configure:4173: $? = 0
configure:4173: result: yes
configure:4173: checking for stdint.h
configure:4173: gcc -std=gnu99 -c -g -O2 -Wall -Wno-sign-compare -Wextra -Wno-unused-parameter -Werror=implicit-function-declaration -Werror=format  conftest.c >&5
configure:4173: $? = 0
configure:4173: result: yes
configure:4173: checking for unistd.h
configure:4173: gcc -std=gnu99 -c -g -O2 -Wall -Wno-sign-compare -Wextra -Wno-unused-parameter -Werror=implicit-function-declaration -Werror=format  conftest.c >&5
configure:4173: $? = 0
configure:4173: result: yes
configure:4191: checking stdio.h usability
configure:4191: gcc -std=gnu99 -c -g -O2 -Wall -Wno-sign-compare -Wextra -Wno-unused-parameter -Werror=implicit-function-declaration -Werror=format  conftest.c >&5
configure:4191: $? = 0
configure:4191: result: yes
configure:4191: checking stdio.h presence
configure:4191: gcc -std=gnu99 -E  conftest.c
configure:4191: $? = 0
configure:4191: result: yes
configure:4191: checking for stdio.h
configure:4191: result: yes
configure:4191: checking for stdlib.h
configure:4191: result: yes
configure:4191: checking for string.h
configure:4191: result: yes
configure:4191: checking for strings.h
configure:4191: result: yes
configure:4191: checking sys/time.h usability
configure:4191: gcc -std=gnu99 -c -g -O2 -Wall -Wno-sign-compare -Wextra -Wno-unused-parameter -Werror=implicit-function-declaration -Werror=format  conftest.c >&5
configure:4191: $? = 0
configure:4191: result: yes
configure:4191: checking sys/time.h presence
configure:4191: gcc -std=gnu99 -E  conftest.c
configure:4191: $? = 0
configure:4191: result: yes
configure:4191: checking for sys/time.h
configure:4191: result: yes
configure:4191: checking time.h usability
configure:4191: gcc -std=gnu99 -c -g -O2 -Wall -Wno-sign-compare -Wextra -Wno-unused-parameter -Werror=implicit-function-declaration -Werror=format  conftest.c >&5
configure:4191: $? = 0
configure:4191: result: yes
configure:4191: checking time.h presence
configure:4191: gcc -std=gnu99 -E  conftest.c
configure:4191: $? = 0
configure:4191: result: yes
configure:4191: checking for time.h
configure:4191: result: yes
configure:4191: checking for unistd.h
configure:4191: result: yes
configure:4191: checking sys/dirent.h usability
configure:4191: gcc -std=gnu99 -c -g -O2 -Wall -Wno-sign-compare -Wextra -Wno-unused-parameter -Werror=implicit-function-declaration -Werror=format  conftest.c >&5
conftest.c:60:24: fatal error: sys/dirent.h: No such file or directory
 #include <sys/dirent.h>
                        ^
compilation terminated.
configure:4191: $? = 1
configure: failed program was:
| /* confdefs.h */
| #define PACKAGE_NAME "sarg"
| #define PACKAGE_TARNAME "sarg"
| #define PACKAGE_VERSION "2.3.10"
| #define PACKAGE_STRING "sarg 2.3.10"
| #define PACKAGE_BUGREPORT ""
| #define PACKAGE_URL ""
| #define HAVE_DIRENT_H 1
| #define STDC_HEADERS 1
| #define HAVE_SYS_TYPES_H 1
| #define HAVE_SYS_STAT_H 1
| #define HAVE_STDLIB_H 1
| #define HAVE_STRING_H 1
| #define HAVE_MEMORY_H 1
| #define HAVE_STRINGS_H 1
| #define HAVE_INTTYPES_H 1
| #define HAVE_STDINT_H 1
| #define HAVE_UNISTD_H 1
| #define HAVE_STDIO_H 1
| #define HAVE_STDLIB_H 1
| #define HAVE_STRING_H 1
| #define HAVE_STRINGS_H 1
| #define HAVE_SYS_TIME_H 1
| #define HAVE_TIME_H 1
| #define HAVE_UNISTD_H 1
| /* end confdefs.h.  */
| #include <stdio.h>
| #ifdef HAVE_SYS_TYPES_H
| # include <sys/types.h>
| #endif
| #ifdef HAVE_SYS_STAT_H
| # include <sys/stat.h>
| #endif
| #ifdef STDC_HEADERS
| # include <stdlib.h>
| # include <stddef.h>
| #else
| # ifdef HAVE_STDLIB_H
| #  include <stdlib.h>
| # endif
| #endif
| #ifdef HAVE_STRING_H
| # if !defined STDC_HEADERS && defined HAVE_MEMORY_H
| #  include <memory.h>
| # endif
| # include <string.h>
| #endif
| #ifdef HAVE_STRINGS_H
| # include <strings.h>
| #endif
| #ifdef HAVE_INTTYPES_H
| # include <inttypes.h>
| #endif
| #ifdef HAVE_STDINT_H
| # include <stdint.h>
| #endif
| #ifdef HAVE_UNISTD_H
| # include <unistd.h>
| #endif
| #include <sys/dirent.h>
configure:4191: result: no
configure:4191: checking sys/dirent.h presence
configure:4191: gcc -std=gnu99 -E  conftest.c
conftest.c:27:24: fatal error: sys/dirent.h: No such file or directory
 #include <sys/dirent.h>
                        ^
compilation terminated.
configure:4191: $? = 1
configure: failed program was:
| /* confdefs.h */
| #define PACKAGE_NAME "sarg"
| #define PACKAGE_TARNAME "sarg"
| #define PACKAGE_VERSION "2.3.10"
| #define PACKAGE_STRING "sarg 2.3.10"
| #define PACKAGE_BUGREPORT ""
| #define PACKAGE_URL ""
| #define HAVE_DIRENT_H 1
| #define STDC_HEADERS 1
| #define HAVE_SYS_TYPES_H 1
| #define HAVE_SYS_STAT_H 1
| #define HAVE_STDLIB_H 1
| #define HAVE_STRING_H 1
| #define HAVE_MEMORY_H 1
| #define HAVE_STRINGS_H 1
| #define HAVE_INTTYPES_H 1
| #define HAVE_STDINT_H 1
| #define HAVE_UNISTD_H 1
| #define HAVE_STDIO_H 1
| #define HAVE_STDLIB_H 1
| #define HAVE_STRING_H 1
| #define HAVE_STRINGS_H 1
| #define HAVE_SYS_TIME_H 1
| #define HAVE_TIME_H 1
| #define HAVE_UNISTD_H 1
| /* end confdefs.h.  */
| #include <sys/dirent.h>
configure:4191: result: no
configure:4191: checking for sys/dirent.h
configure:4191: result: no
configure:4191: checking dirent.h usability
configure:4191: gcc -std=gnu99 -c -g -O2 -Wall -Wno-sign-compare -Wextra -Wno-unused-parameter -Werror=implicit-function-declaration -Werror=format  conftest.c >&5
configure:4191: $? = 0
configure:4191: result: yes
configure:4191: checking dirent.h presence
configure:4191: gcc -std=gnu99 -E  conftest.c
configure:4191: $? = 0
configure:4191: result: yes
configure:4191: checking for dirent.h
configure:4191: result: yes
configure:4191: checking for sys/types.h
configure:4191: result: yes
configure:4191: checking sys/socket.h usability
configure:4191: gcc -std=gnu99 -c -g -O2 -Wall -Wno-sign-compare -Wextra -Wno-unused-parameter -Werror=implicit-function-declaration -Werror=format  conftest.c >&5
configure:4191: $? = 0
configure:4191: result: yes
configure:4191: checking sys/socket.h presence
configure:4191: gcc -std=gnu99 -E  conftest.c
configure:4191: $? = 0
configure:4191: result: yes
configure:4191: checking for sys/socket.h
configure:4191: result: yes
configure:4191: checking netdb.h usability
configure:4191: gcc -std=gnu99 -c -g -O2 -Wall -Wno-sign-compare -Wextra -Wno-unused-parameter -Werror=implicit-function-declaration -Werror=format  conftest.c >&5
configure:4191: $? = 0
configure:4191: result: yes
configure:4191: checking netdb.h presence
configure:4191: gcc -std=gnu99 -E  conftest.c
configure:4191: $? = 0
configure:4191: result: yes
configure:4191: checking for netdb.h
configure:4191: result: yes
configure:4191: checking arpa/inet.h usability
configure:4191: gcc -std=gnu99 -c -g -O2 -Wall -Wno-sign-compare -Wextra -Wno-unused-parameter -Werror=implicit-function-declaration -Werror=format  conftest.c >&5
configure:4191: $? = 0
configure:4191: result: yes
configure:4191: checking arpa/inet.h presence
configure:4191: gcc -std=gnu99 -E  conftest.c
configure:4191: $? = 0
configure:4191: result: yes
configure:4191: checking for arpa/inet.h
configure:4191: result: yes
configure:4191: checking netinet/in.h usability
configure:4191: gcc -std=gnu99 -c -g -O2 -Wall -Wno-sign-compare -Wextra -Wno-unused-parameter -Werror=implicit-function-declaration -Werror=format  conftest.c >&5
configure:4191: $? = 0
configure:4191: result: yes
configure:4191: checking netinet/in.h presence
configure:4191: gcc -std=gnu99 -E  conftest.c
configure:4191: $? = 0
configure:4191: result: yes
configure:4191: checking for netinet/in.h
configure:4191: result: yes
configure:4191: checking for sys/stat.h
configure:4191: result: yes
configure:4191: checking ctype.h usability
configure:4191: gcc -std=gnu99 -c -g -O2 -Wall -Wno-sign-compare -Wextra -Wno-unused-parameter -Werror=implicit-function-declaration -Werror=format  conftest.c >&5
configure:4191: $? = 0
configure:4191: result: yes
configure:4191: checking ctype.h presence
configure:4191: gcc -std=gnu99 -E  conftest.c
configure:4191: $? = 0
configure:4191: result: yes
configure:4191: checking for ctype.h
configure:4191: result: yes
configure:4191: checking errno.h usability
configure:4191: gcc -std=gnu99 -c -g -O2 -Wall -Wno-sign-compare -Wextra -Wno-unused-parameter -Werror=implicit-function-declaration -Werror=format  conftest.c >&5
configure:4191: $? = 0
configure:4191: result: yes
configure:4191: checking errno.h presence
configure:4191: gcc -std=gnu99 -E  conftest.c
configure:4191: $? = 0
configure:4191: result: yes
configure:4191: checking for errno.h
configure:4191: result: yes
configure:4191: checking sys/resource.h usability
configure:4191: gcc -std=gnu99 -c -g -O2 -Wall -Wno-sign-compare -Wextra -Wno-unused-parameter -Werror=implicit-function-declaration -Werror=format  conftest.c >&5
configure:4191: $? = 0
configure:4191: result: yes
configure:4191: checking sys/resource.h presence
configure:4191: gcc -std=gnu99 -E  conftest.c
configure:4191: $? = 0
configure:4191: result: yes
configure:4191: checking for sys/resource.h
configure:4191: result: yes
configure:4191: checking sys/wait.h usability
configure:4191: gcc -std=gnu99 -c -g -O2 -Wall -Wno-sign-compare -Wextra -Wno-unused-parameter -Werror=implicit-function-declaration -Werror=format  conftest.c >&5
configure:4191: $? = 0
configure:4191: result: yes
configure:4191: checking sys/wait.h presence
configure:4191: gcc -std=gnu99 -E  conftest.c
configure:4191: $? = 0
configure:4191: result: yes
configure:4191: checking for sys/wait.h
configure:4191: result: yes
configure:4191: checking stdarg.h usability
configure:4191: gcc -std=gnu99 -c -g -O2 -Wall -Wno-sign-compare -Wextra -Wno-unused-parameter -Werror=implicit-function-declaration -Werror=format  conftest.c >&5
configure:4191: $? = 0
configure:4191: result: yes
configure:4191: checking stdarg.h presence
configure:4191: gcc -std=gnu99 -E  conftest.c
configure:4191: $? = 0
configure:4191: result: yes
configure:4191: checking for stdarg.h
configure:4191: result: yes
configure:4191: checking for inttypes.h
configure:4191: result: yes
configure:4191: checking limits.h usability
configure:4191: gcc -std=gnu99 -c -g -O2 -Wall -Wno-sign-compare -Wextra -Wno-unused-parameter -Werror=implicit-function-declaration -Werror=format  conftest.c >&5
configure:4191: $? = 0
configure:4191: result: yes
configure:4191: checking limits.h presence
configure:4191: gcc -std=gnu99 -E  conftest.c
configure:4191: $? = 0
configure:4191: result: yes
configure:4191: checking for limits.h
configure:4191: result: yes
configure:4191: checking locale.h usability
configure:4191: gcc -std=gnu99 -c -g -O2 -Wall -Wno-sign-compare -Wextra -Wno-unused-parameter -Werror=implicit-function-declaration -Werror=format  conftest.c >&5
configure:4191: $? = 0
configure:4191: result: yes
configure:4191: checking locale.h presence
configure:4191: gcc -std=gnu99 -E  conftest.c
configure:4191: $? = 0
configure:4191: result: yes
configure:4191: checking for locale.h
configure:4191: result: yes
configure:4191: checking execinfo.h usability
configure:4191: gcc -std=gnu99 -c -g -O2 -Wall -Wno-sign-compare -Wextra -Wno-unused-parameter -Werror=implicit-function-declaration -Werror=format  conftest.c >&5
configure:4191: $? = 0
configure:4191: result: yes
configure:4191: checking execinfo.h presence
configure:4191: gcc -std=gnu99 -E  conftest.c
configure:4191: $? = 0
configure:4191: result: yes
configure:4191: checking for execinfo.h
configure:4191: result: yes
configure:4191: checking math.h usability
configure:4191: gcc -std=gnu99 -c -g -O2 -Wall -Wno-sign-compare -Wextra -Wno-unused-parameter -Werror=implicit-function-declaration -Werror=format  conftest.c >&5
configure:4191: $? = 0
configure:4191: result: yes
configure:4191: checking math.h presence
configure:4191: gcc -std=gnu99 -E  conftest.c
configure:4191: $? = 0
configure:4191: result: yes
configure:4191: checking for math.h
configure:4191: result: yes
configure:4191: checking libintl.h usability
configure:4191: gcc -std=gnu99 -c -g -O2 -Wall -Wno-sign-compare -Wextra -Wno-unused-parameter -Werror=implicit-function-declaration -Werror=format  conftest.c >&5
configure:4191: $? = 0
configure:4191: result: yes
configure:4191: checking libintl.h presence
configure:4191: gcc -std=gnu99 -E  conftest.c
configure:4191: $? = 0
configure:4191: result: yes
configure:4191: checking for libintl.h
configure:4191: result: yes
configure:4191: checking libgen.h usability
configure:4191: gcc -std=gnu99 -c -g -O2 -Wall -Wno-sign-compare -Wextra -Wno-unused-parameter -Werror=implicit-function-declaration -Werror=format  conftest.c >&5
configure:4191: $? = 0
configure:4191: result: yes
configure:4191: checking libgen.h presence
configure:4191: gcc -std=gnu99 -E  conftest.c
configure:4191: $? = 0
configure:4191: result: yes
configure:4191: checking for libgen.h
configure:4191: result: yes
configure:4191: checking stdbool.h usability
configure:4191: gcc -std=gnu99 -c -g -O2 -Wall -Wno-sign-compare -Wextra -Wno-unused-parameter -Werror=implicit-function-declaration -Werror=format  conftest.c >&5
configure:4191: $? = 0
configure:4191: result: yes
configure:4191: checking stdbool.h presence
configure:4191: gcc -std=gnu99 -E  conftest.c
configure:4191: $? = 0
configure:4191: result: yes
configure:4191: checking for stdbool.h
configure:4191: result: yes
configure:4191: checking getopt.h usability
configure:4191: gcc -std=gnu99 -c -g -O2 -Wall -Wno-sign-compare -Wextra -Wno-unused-parameter -Werror=implicit-function-declaration -Werror=format  conftest.c >&5
configure:4191: $? = 0
configure:4191: result: yes
configure:4191: checking getopt.h presence
configure:4191: gcc -std=gnu99 -E  conftest.c
configure:4191: $? = 0
configure:4191: result: yes
configure:4191: checking for getopt.h
configure:4191: result: yes
configure:4191: checking fcntl.h usability
configure:4191: gcc -std=gnu99 -c -g -O2 -Wall -Wno-sign-compare -Wextra -Wno-unused-parameter -Werror=implicit-function-declaration -Werror=format  conftest.c >&5
configure:4191: $? = 0
configure:4191: result: yes
configure:4191: checking fcntl.h presence
configure:4191: gcc -std=gnu99 -E  conftest.c
configure:4191: $? = 0
configure:4191: result: yes
configure:4191: checking for fcntl.h
configure:4191: result: yes
configure:4219: checking gd.h usability
configure:4219: gcc -std=gnu99 -c -g -O2 -Wall -Wno-sign-compare -Wextra -Wno-unused-parameter -Werror=implicit-function-declaration -Werror=format  conftest.c >&5
configure:4219: $? = 0
configure:4219: result: yes
configure:4219: checking gd.h presence
configure:4219: gcc -std=gnu99 -E  conftest.c
configure:4219: $? = 0
configure:4219: result: yes
configure:4219: checking for gd.h
configure:4219: result: yes
configure:4219: checking gdfontl.h usability
configure:4219: gcc -std=gnu99 -c -g -O2 -Wall -Wno-sign-compare -Wextra -Wno-unused-parameter -Werror=implicit-function-declaration -Werror=format  conftest.c >&5
configure:4219: $? = 0
configure:4219: result: yes
configure:4219: checking gdfontl.h presence
configure:4219: gcc -std=gnu99 -E  conftest.c
configure:4219: $? = 0
configure:4219: result: yes
configure:4219: checking for gdfontl.h
configure:4219: result: yes
configure:4219: checking gdfontt.h usability
configure:4219: gcc -std=gnu99 -c -g -O2 -Wall -Wno-sign-compare -Wextra -Wno-unused-parameter -Werror=implicit-function-declaration -Werror=format  conftest.c >&5
configure:4219: $? = 0
configure:4219: result: yes
configure:4219: checking gdfontt.h presence
configure:4219: gcc -std=gnu99 -E  conftest.c
configure:4219: $? = 0
configure:4219: result: yes
configure:4219: checking for gdfontt.h
configure:4219: result: yes
configure:4219: checking gdfonts.h usability
configure:4219: gcc -std=gnu99 -c -g -O2 -Wall -Wno-sign-compare -Wextra -Wno-unused-parameter -Werror=implicit-function-declaration -Werror=format  conftest.c >&5
configure:4219: $? = 0
configure:4219: result: yes
configure:4219: checking gdfonts.h presence
configure:4219: gcc -std=gnu99 -E  conftest.c
configure:4219: $? = 0
configure:4219: result: yes
configure:4219: checking for gdfonts.h
configure:4219: result: yes
configure:4219: checking gdfontmb.h usability
configure:4219: gcc -std=gnu99 -c -g -O2 -Wall -Wno-sign-compare -Wextra -Wno-unused-parameter -Werror=implicit-function-declaration -Werror=format  conftest.c >&5
configure:4219: $? = 0
configure:4219: result: yes
configure:4219: checking gdfontmb.h presence
configure:4219: gcc -std=gnu99 -E  conftest.c
configure:4219: $? = 0
configure:4219: result: yes
configure:4219: checking for gdfontmb.h
configure:4219: result: yes
configure:4219: checking gdfontg.h usability
configure:4219: gcc -std=gnu99 -c -g -O2 -Wall -Wno-sign-compare -Wextra -Wno-unused-parameter -Werror=implicit-function-declaration -Werror=format  conftest.c >&5
configure:4219: $? = 0
configure:4219: result: yes
configure:4219: checking gdfontg.h presence
configure:4219: gcc -std=gnu99 -E  conftest.c
configure:4219: $? = 0
configure:4219: result: yes
configure:4219: checking for gdfontg.h
configure:4219: result: yes
configure:4230: checking for gdImagePng in -lgd
configure:4255: gcc -std=gnu99 -o conftest -g -O2 -Wall -Wno-sign-compare -Wextra -Wno-unused-parameter -Werror=implicit-function-declaration -Werror=format   conftest.c -lgd   >&5
configure:4255: $? = 0
configure:4264: result: yes
configure:4294: checking ldap.h usability
configure:4294: gcc -std=gnu99 -c -g -O2 -Wall -Wno-sign-compare -Wextra -Wno-unused-parameter -Werror=implicit-function-declaration -Werror=format  conftest.c >&5
conftest.c:88:18: fatal error: ldap.h: No such file or directory
 #include <ldap.h>
                  ^
compilation terminated.
configure:4294: $? = 1
configure: failed program was:
| /* confdefs.h */
| #define PACKAGE_NAME "sarg"
| #define PACKAGE_TARNAME "sarg"
| #define PACKAGE_VERSION "2.3.10"
| #define PACKAGE_STRING "sarg 2.3.10"
| #define PACKAGE_BUGREPORT ""
| #define PACKAGE_URL ""
| #define HAVE_DIRENT_H 1
| #define STDC_HEADERS 1
| #define HAVE_SYS_TYPES_H 1
| #define HAVE_SYS_STAT_H 1
| #define HAVE_STDLIB_H 1
| #define HAVE_STRING_H 1
| #define HAVE_MEMORY_H 1
| #define HAVE_STRINGS_H 1
| #define HAVE_INTTYPES_H 1
| #define HAVE_STDINT_H 1
| #define HAVE_UNISTD_H 1
| #define HAVE_STDIO_H 1
| #define HAVE_STDLIB_H 1
| #define HAVE_STRING_H 1
| #define HAVE_STRINGS_H 1
| #define HAVE_SYS_TIME_H 1
| #define HAVE_TIME_H 1
| #define HAVE_UNISTD_H 1
| #define HAVE_DIRENT_H 1
| #define HAVE_SYS_TYPES_H 1
| #define HAVE_SYS_SOCKET_H 1
| #define HAVE_NETDB_H 1
| #define HAVE_ARPA_INET_H 1
| #define HAVE_NETINET_IN_H 1
| #define HAVE_SYS_STAT_H 1
| #define HAVE_CTYPE_H 1
| #define HAVE_ERRNO_H 1
| #define HAVE_SYS_RESOURCE_H 1
| #define HAVE_SYS_WAIT_H 1
| #define HAVE_STDARG_H 1
| #define HAVE_INTTYPES_H 1
| #define HAVE_LIMITS_H 1
| #define HAVE_LOCALE_H 1
| #define HAVE_EXECINFO_H 1
| #define HAVE_MATH_H 1
| #define HAVE_LIBINTL_H 1
| #define HAVE_LIBGEN_H 1
| #define HAVE_STDBOOL_H 1
| #define HAVE_GETOPT_H 1
| #define HAVE_FCNTL_H 1
| #define HAVE_GD_H 1
| #define HAVE_GDFONTL_H 1
| #define HAVE_GDFONTT_H 1
| #define HAVE_GDFONTS_H 1
| #define HAVE_GDFONTMB_H 1
| #define HAVE_GDFONTG_H 1
| /* end confdefs.h.  */
| #include <stdio.h>
| #ifdef HAVE_SYS_TYPES_H
| # include <sys/types.h>
| #endif
| #ifdef HAVE_SYS_STAT_H
| # include <sys/stat.h>
| #endif
| #ifdef STDC_HEADERS
| # include <stdlib.h>
| # include <stddef.h>
| #else
| # ifdef HAVE_STDLIB_H
| #  include <stdlib.h>
| # endif
| #endif
| #ifdef HAVE_STRING_H
| # if !defined STDC_HEADERS && defined HAVE_MEMORY_H
| #  include <memory.h>
| # endif
| # include <string.h>
| #endif
| #ifdef HAVE_STRINGS_H
| # include <strings.h>
| #endif
| #ifdef HAVE_INTTYPES_H
| # include <inttypes.h>
| #endif
| #ifdef HAVE_STDINT_H
| # include <stdint.h>
| #endif
| #ifdef HAVE_UNISTD_H
| # include <unistd.h>
| #endif
| #include <ldap.h>
configure:4294: result: no
configure:4294: checking ldap.h presence
configure:4294: gcc -std=gnu99 -E  conftest.c
conftest.c:55:18: fatal error: ldap.h: No such file or directory
 #include <ldap.h>
                  ^
compilation terminated.
configure:4294: $? = 1
configure: failed program was:
| /* confdefs.h */
| #define PACKAGE_NAME "sarg"
| #define PACKAGE_TARNAME "sarg"
| #define PACKAGE_VERSION "2.3.10"
| #define PACKAGE_STRING "sarg 2.3.10"
| #define PACKAGE_BUGREPORT ""
| #define PACKAGE_URL ""
| #define HAVE_DIRENT_H 1
| #define STDC_HEADERS 1
| #define HAVE_SYS_TYPES_H 1
| #define HAVE_SYS_STAT_H 1
| #define HAVE_STDLIB_H 1
| #define HAVE_STRING_H 1
| #define HAVE_MEMORY_H 1
| #define HAVE_STRINGS_H 1
| #define HAVE_INTTYPES_H 1
| #define HAVE_STDINT_H 1
| #define HAVE_UNISTD_H 1
| #define HAVE_STDIO_H 1
| #define HAVE_STDLIB_H 1
| #define HAVE_STRING_H 1
| #define HAVE_STRINGS_H 1
| #define HAVE_SYS_TIME_H 1
| #define HAVE_TIME_H 1
| #define HAVE_UNISTD_H 1
| #define HAVE_DIRENT_H 1
| #define HAVE_SYS_TYPES_H 1
| #define HAVE_SYS_SOCKET_H 1
| #define HAVE_NETDB_H 1
| #define HAVE_ARPA_INET_H 1
| #define HAVE_NETINET_IN_H 1
| #define HAVE_SYS_STAT_H 1
| #define HAVE_CTYPE_H 1
| #define HAVE_ERRNO_H 1
| #define HAVE_SYS_RESOURCE_H 1
| #define HAVE_SYS_WAIT_H 1
| #define HAVE_STDARG_H 1
| #define HAVE_INTTYPES_H 1
| #define HAVE_LIMITS_H 1
| #define HAVE_LOCALE_H 1
| #define HAVE_EXECINFO_H 1
| #define HAVE_MATH_H 1
| #define HAVE_LIBINTL_H 1
| #define HAVE_LIBGEN_H 1
| #define HAVE_STDBOOL_H 1
| #define HAVE_GETOPT_H 1
| #define HAVE_FCNTL_H 1
| #define HAVE_GD_H 1
| #define HAVE_GDFONTL_H 1
| #define HAVE_GDFONTT_H 1
| #define HAVE_GDFONTS_H 1
| #define HAVE_GDFONTMB_H 1
| #define HAVE_GDFONTG_H 1
| /* end confdefs.h.  */
| #include <ldap.h>
configure:4294: result: no
configure:4294: checking for ldap.h
configure:4294: result: no
configure:4304: checking for ldap_init in -lldap
configure:4329: gcc -std=gnu99 -o conftest -g -O2 -Wall -Wno-sign-compare -Wextra -Wno-unused-parameter -Werror=implicit-function-declaration -Werror=format   conftest.c -lldap  -lgd  >&5
/usr/bin/ld: cannot find -lldap
collect2: error: ld returned 1 exit status
configure:4329: $? = 1
configure: failed program was:
| /* confdefs.h */
| #define PACKAGE_NAME "sarg"
| #define PACKAGE_TARNAME "sarg"
| #define PACKAGE_VERSION "2.3.10"
| #define PACKAGE_STRING "sarg 2.3.10"
| #define PACKAGE_BUGREPORT ""
| #define PACKAGE_URL ""
| #define HAVE_DIRENT_H 1
| #define STDC_HEADERS 1
| #define HAVE_SYS_TYPES_H 1
| #define HAVE_SYS_STAT_H 1
| #define HAVE_STDLIB_H 1
| #define HAVE_STRING_H 1
| #define HAVE_MEMORY_H 1
| #define HAVE_STRINGS_H 1
| #define HAVE_INTTYPES_H 1
| #define HAVE_STDINT_H 1
| #define HAVE_UNISTD_H 1
| #define HAVE_STDIO_H 1
| #define HAVE_STDLIB_H 1
| #define HAVE_STRING_H 1
| #define HAVE_STRINGS_H 1
| #define HAVE_SYS_TIME_H 1
| #define HAVE_TIME_H 1
| #define HAVE_UNISTD_H 1
| #define HAVE_DIRENT_H 1
| #define HAVE_SYS_TYPES_H 1
| #define HAVE_SYS_SOCKET_H 1
| #define HAVE_NETDB_H 1
| #define HAVE_ARPA_INET_H 1
| #define HAVE_NETINET_IN_H 1
| #define HAVE_SYS_STAT_H 1
| #define HAVE_CTYPE_H 1
| #define HAVE_ERRNO_H 1
| #define HAVE_SYS_RESOURCE_H 1
| #define HAVE_SYS_WAIT_H 1
| #define HAVE_STDARG_H 1
| #define HAVE_INTTYPES_H 1
| #define HAVE_LIMITS_H 1
| #define HAVE_LOCALE_H 1
| #define HAVE_EXECINFO_H 1
| #define HAVE_MATH_H 1
| #define HAVE_LIBINTL_H 1
| #define HAVE_LIBGEN_H 1
| #define HAVE_STDBOOL_H 1
| #define HAVE_GETOPT_H 1
| #define HAVE_FCNTL_H 1
| #define HAVE_GD_H 1
| #define HAVE_GDFONTL_H 1
| #define HAVE_GDFONTT_H 1
| #define HAVE_GDFONTS_H 1
| #define HAVE_GDFONTMB_H 1
| #define HAVE_GDFONTG_H 1
| /* end confdefs.h.  */
| 
| /* Override any GCC internal prototype to avoid an error.
|    Use char because int might match the return type of a GCC
|    builtin and then its argument prototype would still apply.  */
| #ifdef __cplusplus
| extern "C"
| #endif
| char ldap_init ();
| int
| main ()
| {
| return ldap_init ();
|   ;
|   return 0;
| }
configure:4338: result: no
configure:4402: checking for ld used by gcc -std=gnu99
configure:4469: result: /usr/bin/ld
configure:4476: checking if the linker (/usr/bin/ld) is GNU ld
configure:4491: result: yes
configure:4498: checking for shared library run path origin
configure:4511: result: done
configure:5089: checking for iconv
configure:5113: gcc -std=gnu99 -o conftest -g -O2 -Wall -Wno-sign-compare -Wextra -Wno-unused-parameter -Werror=implicit-function-declaration -Werror=format   conftest.c -lgd  >&5
configure:5113: $? = 0
configure:5147: result: yes
configure:5150: checking for working iconv
configure:5270: gcc -std=gnu99 -o conftest -g -O2 -Wall -Wno-sign-compare -Wextra -Wno-unused-parameter -Werror=implicit-function-declaration -Werror=format   conftest.c -lgd  >&5
configure:5270: $? = 0
configure:5270: ./conftest
configure:5270: $? = 0
configure:5282: result: yes
configure:5310: checking for iconv declaration
configure:5339: gcc -std=gnu99 -c -g -O2 -Wall -Wno-sign-compare -Wextra -Wno-unused-parameter -Werror=implicit-function-declaration -Werror=format  conftest.c >&5
configure:5339: $? = 0
configure:5350: result:
         extern size_t iconv (iconv_t cd, char * *inbuf, size_t *inbytesleft, char * *outbuf, size_t *outbytesleft);
configure:5366: checking iconv.h usability
configure:5366: gcc -std=gnu99 -c -g -O2 -Wall -Wno-sign-compare -Wextra -Wno-unused-parameter -Werror=implicit-function-declaration -Werror=format  conftest.c >&5
configure:5366: $? = 0
configure:5366: result: yes
configure:5366: checking iconv.h presence
configure:5366: gcc -std=gnu99 -E  conftest.c
configure:5366: $? = 0
configure:5366: result: yes
configure:5366: checking for iconv.h
configure:5366: result: yes
configure:5393: checking pcre.h usability
configure:5393: gcc -std=gnu99 -c -g -O2 -Wall -Wno-sign-compare -Wextra -Wno-unused-parameter -Werror=implicit-function-declaration -Werror=format  conftest.c >&5
configure:5393: $? = 0
configure:5393: result: yes
configure:5393: checking pcre.h presence
configure:5393: gcc -std=gnu99 -E  conftest.c
configure:5393: $? = 0
configure:5393: result: yes
configure:5393: checking for pcre.h
configure:5393: result: yes
configure:5413: checking for an ANSI C-conforming const
configure:5479: gcc -std=gnu99 -c -g -O2 -Wall -Wno-sign-compare -Wextra -Wno-unused-parameter -Werror=implicit-function-declaration -Werror=format   conftest.c >&5
configure:5479: $? = 0
configure:5486: result: yes
configure:5494: checking whether struct tm is in sys/time.h or time.h
configure:5514: gcc -std=gnu99 -c -g -O2 -Wall -Wno-sign-compare -Wextra -Wno-unused-parameter -Werror=implicit-function-declaration -Werror=format   conftest.c >&5
configure:5514: $? = 0
configure:5521: result: time.h
configure:5533: checking whether make sets $(MAKE)
configure:5555: result: yes
configure:5578: checking for a BSD-compatible install
configure:5646: result: /usr/bin/install -c
configure:5657: checking for a thread-safe mkdir -p
configure:5696: result: /usr/bin/mkdir -p
configure:5699: checking for a sed that does not truncate output
configure:5763: result: /usr/bin/sed
configure:5769: checking whether NLS is requested
configure:5778: result: yes
configure:5818: checking for msgfmt
configure: trying /usr/bin/msgfmt...
0 translated messages.
configure:5850: result: /usr/bin/msgfmt
configure:5859: checking for gmsgfmt
configure:5890: result: /usr/bin/msgfmt
configure:5940: checking for xgettext
configure: trying /usr/bin/xgettext...
/usr/bin/xgettext: warning: file '/dev/null' extension '' is unknown; will try C
configure:5972: result: /usr/bin/xgettext
configure:6017: checking for msgmerge
configure: trying /usr/bin/msgmerge...
configure:6048: result: /usr/bin/msgmerge
configure:6089: checking for CFPreferencesCopyAppValue
configure:6107: gcc -std=gnu99 -o conftest -g -O2 -Wall -Wno-sign-compare -Wextra -Wno-unused-parameter -Werror=implicit-function-declaration -Werror=format    conftest.c -lgd  -lpcre -Wl,-framework -Wl,CoreFoundation >&5
conftest.c:59:42: fatal error: CoreFoundation/CFPreferences.h: No such file or directory
 #include <CoreFoundation/CFPreferences.h>
                                          ^
compilation terminated.
configure:6107: $? = 1
configure: failed program was:
| /* confdefs.h */
| #define PACKAGE_NAME "sarg"
| #define PACKAGE_TARNAME "sarg"
| #define PACKAGE_VERSION "2.3.10"
| #define PACKAGE_STRING "sarg 2.3.10"
| #define PACKAGE_BUGREPORT ""
| #define PACKAGE_URL ""
| #define HAVE_DIRENT_H 1
| #define STDC_HEADERS 1
| #define HAVE_SYS_TYPES_H 1
| #define HAVE_SYS_STAT_H 1
| #define HAVE_STDLIB_H 1
| #define HAVE_STRING_H 1
| #define HAVE_MEMORY_H 1
| #define HAVE_STRINGS_H 1
| #define HAVE_INTTYPES_H 1
| #define HAVE_STDINT_H 1
| #define HAVE_UNISTD_H 1
| #define HAVE_STDIO_H 1
| #define HAVE_STDLIB_H 1
| #define HAVE_STRING_H 1
| #define HAVE_STRINGS_H 1
| #define HAVE_SYS_TIME_H 1
| #define HAVE_TIME_H 1
| #define HAVE_UNISTD_H 1
| #define HAVE_DIRENT_H 1
| #define HAVE_SYS_TYPES_H 1
| #define HAVE_SYS_SOCKET_H 1
| #define HAVE_NETDB_H 1
| #define HAVE_ARPA_INET_H 1
| #define HAVE_NETINET_IN_H 1
| #define HAVE_SYS_STAT_H 1
| #define HAVE_CTYPE_H 1
| #define HAVE_ERRNO_H 1
| #define HAVE_SYS_RESOURCE_H 1
| #define HAVE_SYS_WAIT_H 1
| #define HAVE_STDARG_H 1
| #define HAVE_INTTYPES_H 1
| #define HAVE_LIMITS_H 1
| #define HAVE_LOCALE_H 1
| #define HAVE_EXECINFO_H 1
| #define HAVE_MATH_H 1
| #define HAVE_LIBINTL_H 1
| #define HAVE_LIBGEN_H 1
| #define HAVE_STDBOOL_H 1
| #define HAVE_GETOPT_H 1
| #define HAVE_FCNTL_H 1
| #define HAVE_GD_H 1
| #define HAVE_GDFONTL_H 1
| #define HAVE_GDFONTT_H 1
| #define HAVE_GDFONTS_H 1
| #define HAVE_GDFONTMB_H 1
| #define HAVE_GDFONTG_H 1
| #define HAVE_ICONV 1
| #define ICONV_CONST 
| #define HAVE_ICONV_H 1
| #define HAVE_PCRE_H 1
| /* end confdefs.h.  */
| #include <CoreFoundation/CFPreferences.h>
| int
| main ()
| {
| CFPreferencesCopyAppValue(NULL, NULL)
|   ;
|   return 0;
| }
configure:6116: result: no
configure:6123: checking for CFLocaleCopyCurrent
configure:6141: gcc -std=gnu99 -o conftest -g -O2 -Wall -Wno-sign-compare -Wextra -Wno-unused-parameter -Werror=implicit-function-declaration -Werror=format    conftest.c -lgd  -lpcre -Wl,-framework -Wl,CoreFoundation >&5
conftest.c:59:37: fatal error: CoreFoundation/CFLocale.h: No such file or directory
 #include <CoreFoundation/CFLocale.h>
                                     ^
compilation terminated.
configure:6141: $? = 1
configure: failed program was:
| /* confdefs.h */
| #define PACKAGE_NAME "sarg"
| #define PACKAGE_TARNAME "sarg"
| #define PACKAGE_VERSION "2.3.10"
| #define PACKAGE_STRING "sarg 2.3.10"
| #define PACKAGE_BUGREPORT ""
| #define PACKAGE_URL ""
| #define HAVE_DIRENT_H 1
| #define STDC_HEADERS 1
| #define HAVE_SYS_TYPES_H 1
| #define HAVE_SYS_STAT_H 1
| #define HAVE_STDLIB_H 1
| #define HAVE_STRING_H 1
| #define HAVE_MEMORY_H 1
| #define HAVE_STRINGS_H 1
| #define HAVE_INTTYPES_H 1
| #define HAVE_STDINT_H 1
| #define HAVE_UNISTD_H 1
| #define HAVE_STDIO_H 1
| #define HAVE_STDLIB_H 1
| #define HAVE_STRING_H 1
| #define HAVE_STRINGS_H 1
| #define HAVE_SYS_TIME_H 1
| #define HAVE_TIME_H 1
| #define HAVE_UNISTD_H 1
| #define HAVE_DIRENT_H 1
| #define HAVE_SYS_TYPES_H 1
| #define HAVE_SYS_SOCKET_H 1
| #define HAVE_NETDB_H 1
| #define HAVE_ARPA_INET_H 1
| #define HAVE_NETINET_IN_H 1
| #define HAVE_SYS_STAT_H 1
| #define HAVE_CTYPE_H 1
| #define HAVE_ERRNO_H 1
| #define HAVE_SYS_RESOURCE_H 1
| #define HAVE_SYS_WAIT_H 1
| #define HAVE_STDARG_H 1
| #define HAVE_INTTYPES_H 1
| #define HAVE_LIMITS_H 1
| #define HAVE_LOCALE_H 1
| #define HAVE_EXECINFO_H 1
| #define HAVE_MATH_H 1
| #define HAVE_LIBINTL_H 1
| #define HAVE_LIBGEN_H 1
| #define HAVE_STDBOOL_H 1
| #define HAVE_GETOPT_H 1
| #define HAVE_FCNTL_H 1
| #define HAVE_GD_H 1
| #define HAVE_GDFONTL_H 1
| #define HAVE_GDFONTT_H 1
| #define HAVE_GDFONTS_H 1
| #define HAVE_GDFONTMB_H 1
| #define HAVE_GDFONTG_H 1
| #define HAVE_ICONV 1
| #define ICONV_CONST 
| #define HAVE_ICONV_H 1
| #define HAVE_PCRE_H 1
| /* end confdefs.h.  */
| #include <CoreFoundation/CFLocale.h>
| int
| main ()
| {
| CFLocaleCopyCurrent();
|   ;
|   return 0;
| }
configure:6150: result: no
configure:6199: checking for GNU gettext in libc
configure:6223: gcc -std=gnu99 -o conftest -g -O2 -Wall -Wno-sign-compare -Wextra -Wno-unused-parameter -Werror=implicit-function-declaration -Werror=format    conftest.c -lgd  -lpcre >&5
configure:6223: $? = 0
configure:6232: result: yes
configure:7060: checking whether to use NLS
configure:7062: result: yes
configure:7065: checking where the gettext function comes from
configure:7076: result: libc
configure:7141: checking for special C compiler options needed for large files
configure:7186: result: no
configure:7192: checking for _FILE_OFFSET_BITS value needed for large files
configure:7217: gcc -std=gnu99 -c -g -O2 -Wall -Wno-sign-compare -Wextra -Wno-unused-parameter -Werror=implicit-function-declaration -Werror=format   conftest.c >&5
configure:7217: $? = 0
configure:7249: result: no
configure:7337: checking for fopen64
configure:7355: gcc -std=gnu99 -o conftest -g -O2 -Wall -Wno-sign-compare -Wextra -Wno-unused-parameter -Werror=implicit-function-declaration -Werror=format  -Werror   conftest.c -lgd  -lpcre >&5
conftest.c: In function 'main':
conftest.c:66:1: error: implicit declaration of function 'fopen64' [-Werror=implicit-function-declaration]
 FILE *f = fopen64 ("/tmp/foo","r");fclose(f);
 ^
conftest.c:66:11: error: initialization makes pointer from integer without a cast [-Werror]
 FILE *f = fopen64 ("/tmp/foo","r");fclose(f);
           ^
cc1: all warnings being treated as errors
configure:7355: $? = 1
configure: failed program was:
| /* confdefs.h */
| #define PACKAGE_NAME "sarg"
| #define PACKAGE_TARNAME "sarg"
| #define PACKAGE_VERSION "2.3.10"
| #define PACKAGE_STRING "sarg 2.3.10"
| #define PACKAGE_BUGREPORT ""
| #define PACKAGE_URL ""
| #define HAVE_DIRENT_H 1
| #define STDC_HEADERS 1
| #define HAVE_SYS_TYPES_H 1
| #define HAVE_SYS_STAT_H 1
| #define HAVE_STDLIB_H 1
| #define HAVE_STRING_H 1
| #define HAVE_MEMORY_H 1
| #define HAVE_STRINGS_H 1
| #define HAVE_INTTYPES_H 1
| #define HAVE_STDINT_H 1
| #define HAVE_UNISTD_H 1
| #define HAVE_STDIO_H 1
| #define HAVE_STDLIB_H 1
| #define HAVE_STRING_H 1
| #define HAVE_STRINGS_H 1
| #define HAVE_SYS_TIME_H 1
| #define HAVE_TIME_H 1
| #define HAVE_UNISTD_H 1
| #define HAVE_DIRENT_H 1
| #define HAVE_SYS_TYPES_H 1
| #define HAVE_SYS_SOCKET_H 1
| #define HAVE_NETDB_H 1
| #define HAVE_ARPA_INET_H 1
| #define HAVE_NETINET_IN_H 1
| #define HAVE_SYS_STAT_H 1
| #define HAVE_CTYPE_H 1
| #define HAVE_ERRNO_H 1
| #define HAVE_SYS_RESOURCE_H 1
| #define HAVE_SYS_WAIT_H 1
| #define HAVE_STDARG_H 1
| #define HAVE_INTTYPES_H 1
| #define HAVE_LIMITS_H 1
| #define HAVE_LOCALE_H 1
| #define HAVE_EXECINFO_H 1
| #define HAVE_MATH_H 1
| #define HAVE_LIBINTL_H 1
| #define HAVE_LIBGEN_H 1
| #define HAVE_STDBOOL_H 1
| #define HAVE_GETOPT_H 1
| #define HAVE_FCNTL_H 1
| #define HAVE_GD_H 1
| #define HAVE_GDFONTL_H 1
| #define HAVE_GDFONTT_H 1
| #define HAVE_GDFONTS_H 1
| #define HAVE_GDFONTMB_H 1
| #define HAVE_GDFONTG_H 1
| #define HAVE_ICONV 1
| #define ICONV_CONST 
| #define HAVE_ICONV_H 1
| #define HAVE_PCRE_H 1
| #define ENABLE_NLS 1
| #define HAVE_GETTEXT 1
| #define HAVE_DCGETTEXT 1
| /* end confdefs.h.  */
| #include <stdio.h>
| int
| main ()
| {
| FILE *f = fopen64 ("/tmp/foo","r");fclose(f);
|   ;
|   return 0;
| }
configure:7370: gcc -std=gnu99 -o conftest -g -O2 -Wall -Wno-sign-compare -Wextra -Wno-unused-parameter -Werror=implicit-function-declaration -Werror=format  -Werror -D_LARGEFILE64_SOURCE   conftest.c -lgd  -lpcre >&5
configure:7370: $? = 0
configure:7422: result: need -D_LARGEFILE64_SOURCE
configure:7437: checking for bzero
configure:7437: gcc -std=gnu99 -o conftest -g -O2 -Wall -Wno-sign-compare -Wextra -Wno-unused-parameter -Werror=implicit-function-declaration -Werror=format    conftest.c -lgd  -lpcre >&5
conftest.c:87:6: warning: conflicting types for built-in function 'bzero' [enabled by default]
 char bzero ();
      ^
configure:7437: $? = 0
configure:7437: result: yes
configure:7448: checking for backtrace
configure:7448: gcc -std=gnu99 -o conftest -g -O2 -Wall -Wno-sign-compare -Wextra -Wno-unused-parameter -Werror=implicit-function-declaration -Werror=format    conftest.c -lgd  -lpcre >&5
configure:7448: $? = 0
configure:7448: result: yes
configure:7459: checking for symlink
configure:7459: gcc -std=gnu99 -o conftest -g -O2 -Wall -Wno-sign-compare -Wextra -Wno-unused-parameter -Werror=implicit-function-declaration -Werror=format    conftest.c -lgd  -lpcre >&5
configure:7459: $? = 0
configure:7459: result: yes
configure:7470: checking for lstat
configure:7470: gcc -std=gnu99 -o conftest -g -O2 -Wall -Wno-sign-compare -Wextra -Wno-unused-parameter -Werror=implicit-function-declaration -Werror=format    conftest.c -lgd  -lpcre >&5
configure:7470: $? = 0
configure:7470: result: yes
configure:7481: checking for getnameinfo
configure:7481: gcc -std=gnu99 -o conftest -g -O2 -Wall -Wno-sign-compare -Wextra -Wno-unused-parameter -Werror=implicit-function-declaration -Werror=format    conftest.c -lgd  -lpcre >&5
configure:7481: $? = 0
configure:7481: result: yes
configure:7492: checking for getaddrinfo
configure:7492: gcc -std=gnu99 -o conftest -g -O2 -Wall -Wno-sign-compare -Wextra -Wno-unused-parameter -Werror=implicit-function-declaration -Werror=format    conftest.c -lgd  -lpcre >&5
configure:7492: $? = 0
configure:7492: result: yes
configure:7503: checking for mkstemp
configure:7503: gcc -std=gnu99 -o conftest -g -O2 -Wall -Wno-sign-compare -Wextra -Wno-unused-parameter -Werror=implicit-function-declaration -Werror=format    conftest.c -lgd  -lpcre >&5
configure:7503: $? = 0
configure:7503: result: yes
configure:7513: checking for struct sockaddr_storage.ss_len
configure:7513: gcc -std=gnu99 -c -g -O2 -Wall -Wno-sign-compare -Wextra -Wno-unused-parameter -Werror=implicit-function-declaration -Werror=format   conftest.c >&5
conftest.c: In function 'main':
conftest.c:107:32: error: storage size of 'ac_aggr' isn't known
 static struct sockaddr_storage ac_aggr;
                                ^
conftest.c:107:32: warning: unused variable 'ac_aggr' [-Wunused-variable]
configure:7513: $? = 1
configure: failed program was:
| /* confdefs.h */
| #define PACKAGE_NAME "sarg"
| #define PACKAGE_TARNAME "sarg"
| #define PACKAGE_VERSION "2.3.10"
| #define PACKAGE_STRING "sarg 2.3.10"
| #define PACKAGE_BUGREPORT ""
| #define PACKAGE_URL ""
| #define HAVE_DIRENT_H 1
| #define STDC_HEADERS 1
| #define HAVE_SYS_TYPES_H 1
| #define HAVE_SYS_STAT_H 1
| #define HAVE_STDLIB_H 1
| #define HAVE_STRING_H 1
| #define HAVE_MEMORY_H 1
| #define HAVE_STRINGS_H 1
| #define HAVE_INTTYPES_H 1
| #define HAVE_STDINT_H 1
| #define HAVE_UNISTD_H 1
| #define HAVE_STDIO_H 1
| #define HAVE_STDLIB_H 1
| #define HAVE_STRING_H 1
| #define HAVE_STRINGS_H 1
| #define HAVE_SYS_TIME_H 1
| #define HAVE_TIME_H 1
| #define HAVE_UNISTD_H 1
| #define HAVE_DIRENT_H 1
| #define HAVE_SYS_TYPES_H 1
| #define HAVE_SYS_SOCKET_H 1
| #define HAVE_NETDB_H 1
| #define HAVE_ARPA_INET_H 1
| #define HAVE_NETINET_IN_H 1
| #define HAVE_SYS_STAT_H 1
| #define HAVE_CTYPE_H 1
| #define HAVE_ERRNO_H 1
| #define HAVE_SYS_RESOURCE_H 1
| #define HAVE_SYS_WAIT_H 1
| #define HAVE_STDARG_H 1
| #define HAVE_INTTYPES_H 1
| #define HAVE_LIMITS_H 1
| #define HAVE_LOCALE_H 1
| #define HAVE_EXECINFO_H 1
| #define HAVE_MATH_H 1
| #define HAVE_LIBINTL_H 1
| #define HAVE_LIBGEN_H 1
| #define HAVE_STDBOOL_H 1
| #define HAVE_GETOPT_H 1
| #define HAVE_FCNTL_H 1
| #define HAVE_GD_H 1
| #define HAVE_GDFONTL_H 1
| #define HAVE_GDFONTT_H 1
| #define HAVE_GDFONTS_H 1
| #define HAVE_GDFONTMB_H 1
| #define HAVE_GDFONTG_H 1
| #define HAVE_ICONV 1
| #define ICONV_CONST 
| #define HAVE_ICONV_H 1
| #define HAVE_PCRE_H 1
| #define ENABLE_NLS 1
| #define HAVE_GETTEXT 1
| #define HAVE_DCGETTEXT 1
| #define HAVE_FOPEN64 1
| #define _LARGEFILE64_SOURCE 1
| #define HAVE_BZERO 1
| #define HAVE_BACKTRACE 1
| #define HAVE_SYMLINK 1
| #define HAVE_LSTAT 1
| #define HAVE_GETNAMEINFO 1
| #define HAVE_GETADDRINFO 1
| #define HAVE_MKSTEMP 1
| /* end confdefs.h.  */
| #include <stdio.h>
| #ifdef HAVE_SYS_TYPES_H
| # include <sys/types.h>
| #endif
| #ifdef HAVE_SYS_STAT_H
| # include <sys/stat.h>
| #endif
| #ifdef STDC_HEADERS
| # include <stdlib.h>
| # include <stddef.h>
| #else
| # ifdef HAVE_STDLIB_H
| #  include <stdlib.h>
| # endif
| #endif
| #ifdef HAVE_STRING_H
| # if !defined STDC_HEADERS && defined HAVE_MEMORY_H
| #  include <memory.h>
| # endif
| # include <string.h>
| #endif
| #ifdef HAVE_STRINGS_H
| # include <strings.h>
| #endif
| #ifdef HAVE_INTTYPES_H
| # include <inttypes.h>
| #endif
| #ifdef HAVE_STDINT_H
| # include <stdint.h>
| #endif
| #ifdef HAVE_UNISTD_H
| # include <unistd.h>
| #endif
| int
| main ()
| {
| static struct sockaddr_storage ac_aggr;
| if (ac_aggr.ss_len)
| return 0;
|   ;
|   return 0;
| }
configure:7513: gcc -std=gnu99 -c -g -O2 -Wall -Wno-sign-compare -Wextra -Wno-unused-parameter -Werror=implicit-function-declaration -Werror=format   conftest.c >&5
conftest.c: In function 'main':
conftest.c:107:32: error: storage size of 'ac_aggr' isn't known
 static struct sockaddr_storage ac_aggr;
                                ^
conftest.c:107:32: warning: unused variable 'ac_aggr' [-Wunused-variable]
configure:7513: $? = 1
configure: failed program was:
| /* confdefs.h */
| #define PACKAGE_NAME "sarg"
| #define PACKAGE_TARNAME "sarg"
| #define PACKAGE_VERSION "2.3.10"
| #define PACKAGE_STRING "sarg 2.3.10"
| #define PACKAGE_BUGREPORT ""
| #define PACKAGE_URL ""
| #define HAVE_DIRENT_H 1
| #define STDC_HEADERS 1
| #define HAVE_SYS_TYPES_H 1
| #define HAVE_SYS_STAT_H 1
| #define HAVE_STDLIB_H 1
| #define HAVE_STRING_H 1
| #define HAVE_MEMORY_H 1
| #define HAVE_STRINGS_H 1
| #define HAVE_INTTYPES_H 1
| #define HAVE_STDINT_H 1
| #define HAVE_UNISTD_H 1
| #define HAVE_STDIO_H 1
| #define HAVE_STDLIB_H 1
| #define HAVE_STRING_H 1
| #define HAVE_STRINGS_H 1
| #define HAVE_SYS_TIME_H 1
| #define HAVE_TIME_H 1
| #define HAVE_UNISTD_H 1
| #define HAVE_DIRENT_H 1
| #define HAVE_SYS_TYPES_H 1
| #define HAVE_SYS_SOCKET_H 1
| #define HAVE_NETDB_H 1
| #define HAVE_ARPA_INET_H 1
| #define HAVE_NETINET_IN_H 1
| #define HAVE_SYS_STAT_H 1
| #define HAVE_CTYPE_H 1
| #define HAVE_ERRNO_H 1
| #define HAVE_SYS_RESOURCE_H 1
| #define HAVE_SYS_WAIT_H 1
| #define HAVE_STDARG_H 1
| #define HAVE_INTTYPES_H 1
| #define HAVE_LIMITS_H 1
| #define HAVE_LOCALE_H 1
| #define HAVE_EXECINFO_H 1
| #define HAVE_MATH_H 1
| #define HAVE_LIBINTL_H 1
| #define HAVE_LIBGEN_H 1
| #define HAVE_STDBOOL_H 1
| #define HAVE_GETOPT_H 1
| #define HAVE_FCNTL_H 1
| #define HAVE_GD_H 1
| #define HAVE_GDFONTL_H 1
| #define HAVE_GDFONTT_H 1
| #define HAVE_GDFONTS_H 1
| #define HAVE_GDFONTMB_H 1
| #define HAVE_GDFONTG_H 1
| #define HAVE_ICONV 1
| #define ICONV_CONST 
| #define HAVE_ICONV_H 1
| #define HAVE_PCRE_H 1
| #define ENABLE_NLS 1
| #define HAVE_GETTEXT 1
| #define HAVE_DCGETTEXT 1
| #define HAVE_FOPEN64 1
| #define _LARGEFILE64_SOURCE 1
| #define HAVE_BZERO 1
| #define HAVE_BACKTRACE 1
| #define HAVE_SYMLINK 1
| #define HAVE_LSTAT 1
| #define HAVE_GETNAMEINFO 1
| #define HAVE_GETADDRINFO 1
| #define HAVE_MKSTEMP 1
| /* end confdefs.h.  */
| #include <stdio.h>
| #ifdef HAVE_SYS_TYPES_H
| # include <sys/types.h>
| #endif
| #ifdef HAVE_SYS_STAT_H
| # include <sys/stat.h>
| #endif
| #ifdef STDC_HEADERS
| # include <stdlib.h>
| # include <stddef.h>
| #else
| # ifdef HAVE_STDLIB_H
| #  include <stdlib.h>
| # endif
| #endif
| #ifdef HAVE_STRING_H
| # if !defined STDC_HEADERS && defined HAVE_MEMORY_H
| #  include <memory.h>
| # endif
| # include <string.h>
| #endif
| #ifdef HAVE_STRINGS_H
| # include <strings.h>
| #endif
| #ifdef HAVE_INTTYPES_H
| # include <inttypes.h>
| #endif
| #ifdef HAVE_STDINT_H
| # include <stdint.h>
| #endif
| #ifdef HAVE_UNISTD_H
| # include <unistd.h>
| #endif
| int
| main ()
| {
| static struct sockaddr_storage ac_aggr;
| if (sizeof ac_aggr.ss_len)
| return 0;
|   ;
|   return 0;
| }
configure:7513: result: no
configure:7525: checking size of rlim_t
configure:7530: gcc -std=gnu99 -o conftest -g -O2 -Wall -Wno-sign-compare -Wextra -Wno-unused-parameter -Werror=implicit-function-declaration -Werror=format    conftest.c -lgd  -lpcre >&5
configure:7530: $? = 0
configure:7530: ./conftest
configure:7530: $? = 0
configure:7548: result: 8
configure:7571: checking whether LLONG_MAX is declared
configure:7571: gcc -std=gnu99 -c -g -O2 -Wall -Wno-sign-compare -Wextra -Wno-unused-parameter -Werror=implicit-function-declaration -Werror=format   conftest.c >&5
configure:7571: $? = 0
configure:7571: result: yes
configure:7713: checking for /usr/share/sgml/docbook/stylesheet/xsl/nwalsh/manpages/docbook.xsl
configure:7726: result: no
configure:7740: checking for /usr/share/sgml/docbook/xsl-stylesheets/manpages/docbook.xsl
configure:7753: result: no
configure:7782: checking for /usr/share/sgml/docbook/stylesheet/xsl/docbook-xsl/html/onechunk.xsl
configure:7795: result: no
configure:7809: checking for /usr/share/sgml/docbook/xsl-stylesheets/html/onechunk.xsl
configure:7822: result: no
configure:7999: creating ./config.status

## ---------------------- ##
## Running config.status. ##
## ---------------------- ##

This file was extended by sarg config.status 2.3.10, which was
generated by GNU Autoconf 2.69.  Invocation command line was

  CONFIG_FILES    = 
  CONFIG_HEADERS  = 
  CONFIG_LINKS    = 
  CONFIG_COMMANDS = 
  $ ./config.status 

on vmhost

config.status:788: creating Makefile
config.status:788: creating po/Makefile.in
config.status:960: executing po-directories commands

## ---------------- ##
## Cache variables. ##
## ---------------- ##

ac_cv_build=x86_64-unknown-linux-gnu
ac_cv_c_compiler_gnu=yes
ac_cv_c_const=yes
ac_cv_env_CC_set=
ac_cv_env_CC_value=
ac_cv_env_CFLAGS_set=
ac_cv_env_CFLAGS_value=
ac_cv_env_CPPFLAGS_set=
ac_cv_env_CPPFLAGS_value=
ac_cv_env_CPP_set=
ac_cv_env_CPP_value=
ac_cv_env_LDFLAGS_set=
ac_cv_env_LDFLAGS_value=
ac_cv_env_LIBS_set=
ac_cv_env_LIBS_value=
ac_cv_env_build_alias_set=
ac_cv_env_build_alias_value=
ac_cv_env_host_alias_set=
ac_cv_env_host_alias_value=
ac_cv_env_target_alias_set=
ac_cv_env_target_alias_value=
ac_cv_file__usr_share_sgml_docbook_stylesheet_xsl_docbook_xsl_html_onechunk_xsl=no
ac_cv_file__usr_share_sgml_docbook_stylesheet_xsl_nwalsh_manpages_docbook_xsl=no
ac_cv_file__usr_share_sgml_docbook_xsl_stylesheets_html_onechunk_xsl=no
ac_cv_file__usr_share_sgml_docbook_xsl_stylesheets_manpages_docbook_xsl=no
ac_cv_func_backtrace=yes
ac_cv_func_bzero=yes
ac_cv_func_getaddrinfo=yes
ac_cv_func_getnameinfo=yes
ac_cv_func_lstat=yes
ac_cv_func_mkstemp=yes
ac_cv_func_symlink=yes
ac_cv_have_decl_LLONG_MAX=yes
ac_cv_header_arpa_inet_h=yes
ac_cv_header_ctype_h=yes
ac_cv_header_dirent_dirent_h=yes
ac_cv_header_dirent_h=yes
ac_cv_header_errno_h=yes
ac_cv_header_execinfo_h=yes
ac_cv_header_fcntl_h=yes
ac_cv_header_gd_h=yes
ac_cv_header_gdfontg_h=yes
ac_cv_header_gdfontl_h=yes
ac_cv_header_gdfontmb_h=yes
ac_cv_header_gdfonts_h=yes
ac_cv_header_gdfontt_h=yes
ac_cv_header_getopt_h=yes
ac_cv_header_iconv_h=yes
ac_cv_header_inttypes_h=yes
ac_cv_header_ldap_h=no
ac_cv_header_libgen_h=yes
ac_cv_header_libintl_h=yes
ac_cv_header_limits_h=yes
ac_cv_header_locale_h=yes
ac_cv_header_math_h=yes
ac_cv_header_memory_h=yes
ac_cv_header_netdb_h=yes
ac_cv_header_netinet_in_h=yes
ac_cv_header_pcre_h=yes
ac_cv_header_stdarg_h=yes
ac_cv_header_stdbool_h=yes
ac_cv_header_stdc=yes
ac_cv_header_stdint_h=yes
ac_cv_header_stdio_h=yes
ac_cv_header_stdlib_h=yes
ac_cv_header_string_h=yes
ac_cv_header_strings_h=yes
ac_cv_header_sys_dirent_h=no
ac_cv_header_sys_resource_h=yes
ac_cv_header_sys_socket_h=yes
ac_cv_header_sys_stat_h=yes
ac_cv_header_sys_time_h=yes
ac_cv_header_sys_types_h=yes
ac_cv_header_sys_wait_h=yes
ac_cv_header_time_h=yes
ac_cv_header_unistd_h=yes
ac_cv_host=x86_64-unknown-linux-gnu
ac_cv_lib_gd_gdImagePng=yes
ac_cv_lib_ldap_ldap_init=no
ac_cv_member_struct_sockaddr_storage_ss_len=no
ac_cv_objext=o
ac_cv_path_EGREP='/usr/bin/grep -E'
ac_cv_path_GMSGFMT=/usr/bin/msgfmt
ac_cv_path_GREP=/usr/bin/grep
ac_cv_path_MSGFMT=/usr/bin/msgfmt
ac_cv_path_MSGMERGE=/usr/bin/msgmerge
ac_cv_path_SED=/usr/bin/sed
ac_cv_path_XGETTEXT=/usr/bin/xgettext
ac_cv_path_install='/usr/bin/install -c'
ac_cv_path_mkdir=/usr/bin/mkdir
ac_cv_prog_CPP='gcc -std=gnu99 -E'
ac_cv_prog_ac_ct_CC=gcc
ac_cv_prog_cc_c89=
ac_cv_prog_cc_c99=-std=gnu99
ac_cv_prog_cc_g=yes
ac_cv_prog_make_make_set=yes
ac_cv_search_opendir='none required'
ac_cv_sizeof_rlim_t=8
ac_cv_struct_tm=time.h
ac_cv_sys_file_offset_bits=no
ac_cv_sys_largefile_CC=no
acl_cv_hardcode_direct=no
acl_cv_hardcode_libdir_flag_spec='${wl}-rpath ${wl}$libdir'
acl_cv_hardcode_libdir_separator=
acl_cv_hardcode_minus_L=no
acl_cv_libext=a
acl_cv_libname_spec='lib$name'
acl_cv_library_names_spec='$libname$shrext'
acl_cv_path_LD=/usr/bin/ld
acl_cv_prog_gnu_ld=yes
acl_cv_rpath=done
acl_cv_shlibext=so
acl_cv_wl=-Wl,
am_cv_func_iconv=yes
am_cv_func_iconv_works=yes
am_cv_lib_iconv=no
am_cv_proto_iconv='extern size_t iconv (iconv_t cd, char * *inbuf, size_t *inbytesleft, char * *outbuf, size_t *outbytesleft);'
am_cv_proto_iconv_arg1=
bu_cv_have_fopen64='need -D_LARGEFILE64_SOURCE'
gt_cv_func_CFLocaleCopyCurrent=no
gt_cv_func_CFPreferencesCopyAppValue=no
gt_cv_func_gnugettext1_libc=yes

## ----------------- ##
## Output variables. ##
## ----------------- ##

CC='gcc -std=gnu99'
CFLAGS='-g -O2 -Wall -Wno-sign-compare -Wextra -Wno-unused-parameter -Werror=implicit-function-declaration -Werror=format '
CPP='gcc -std=gnu99 -E'
CPPFLAGS=''
DEFS='-DPACKAGE_NAME=\"sarg\" -DPACKAGE_TARNAME=\"sarg\" -DPACKAGE_VERSION=\"2.3.10\" -DPACKAGE_STRING=\"sarg\ 2.3.10\" -DPACKAGE_BUGREPORT=\"\" -DPACKAGE_URL=\"\" -DHAVE_DIRENT_H=1 -DSTDC_HEADERS=1 -DHAVE_SYS_TYPES_H=1 -DHAVE_SYS_STAT_H=1 -DHAVE_STDLIB_H=1 -DHAVE_STRING_H=1 -DHAVE_MEMORY_H=1 -DHAVE_STRINGS_H=1 -DHAVE_INTTYPES_H=1 -DHAVE_STDINT_H=1 -DHAVE_UNISTD_H=1 -DHAVE_STDIO_H=1 -DHAVE_STDLIB_H=1 -DHAVE_STRING_H=1 -DHAVE_STRINGS_H=1 -DHAVE_SYS_TIME_H=1 -DHAVE_TIME_H=1 -DHAVE_UNISTD_H=1 -DHAVE_DIRENT_H=1 -DHAVE_SYS_TYPES_H=1 -DHAVE_SYS_SOCKET_H=1 -DHAVE_NETDB_H=1 -DHAVE_ARPA_INET_H=1 -DHAVE_NETINET_IN_H=1 -DHAVE_SYS_STAT_H=1 -DHAVE_CTYPE_H=1 -DHAVE_ERRNO_H=1 -DHAVE_SYS_RESOURCE_H=1 -DHAVE_SYS_WAIT_H=1 -DHAVE_STDARG_H=1 -DHAVE_INTTYPES_H=1 -DHAVE_LIMITS_H=1 -DHAVE_LOCALE_H=1 -DHAVE_EXECINFO_H=1 -DHAVE_MATH_H=1 -DHAVE_LIBINTL_H=1 -DHAVE_LIBGEN_H=1 -DHAVE_STDBOOL_H=1 -DHAVE_GETOPT_H=1 -DHAVE_FCNTL_H=1 -DHAVE_GD_H=1 -DHAVE_GDFONTL_H=1 -DHAVE_GDFONTT_H=1 -DHAVE_GDFONTS_H=1 -DHAVE_GDFONTMB_H=1 -DHAVE_GDFONTG_H=1 -DHAVE_ICONV=1 -DICONV_CONST= -DHAVE_ICONV_H=1 -DHAVE_PCRE_H=1 -DENABLE_NLS=1 -DHAVE_GETTEXT=1 -DHAVE_DCGETTEXT=1 -DHAVE_FOPEN64=1 -D_LARGEFILE64_SOURCE=1 -DHAVE_BZERO=1 -DHAVE_BACKTRACE=1 -DHAVE_SYMLINK=1 -DHAVE_LSTAT=1 -DHAVE_GETNAMEINFO=1 -DHAVE_GETADDRINFO=1 -DHAVE_MKSTEMP=1 -DSIZEOF_RLIM_T=8 -DRLIM_STRING=\"%lli\"'
ECHO_C=''
ECHO_N='-n'
ECHO_T=''
EGREP='/usr/bin/grep -E'
EXEEXT=''
FONTDIR='${prefix}/share/sarg/fonts'
GETTEXT_MACRO_VERSION='0.19'
GMSGFMT='/usr/bin/msgfmt'
GMSGFMT_015='/usr/bin/msgfmt'
GREP='/usr/bin/grep'
IMAGEDIR='${prefix}/share/sarg/images'
INSTALL_DATA='${INSTALL} -m 644'
INSTALL_PROGRAM='${INSTALL}'
INSTALL_SCRIPT='${INSTALL}'
INTLLIBS=''
INTL_MACOSX_LIBS=''
LDFLAGS=''
LIBICONV=''
LIBINTL=''
LIBOBJS=''
LIBS='-lgd  -lpcre'
LTLIBICONV=''
LTLIBINTL=''
LTLIBOBJS=''
MKDIR_P='/usr/bin/mkdir -p'
MSGFMT='/usr/bin/msgfmt'
MSGFMT_015='/usr/bin/msgfmt'
MSGMERGE='/usr/bin/msgmerge'
OBJEXT='o'
PACKAGE='sarg'
PACKAGE_BUGREPORT=''
PACKAGE_NAME='sarg'
PACKAGE_STRING='sarg 2.3.10'
PACKAGE_TARNAME='sarg'
PACKAGE_URL=''
PACKAGE_VERSION='2.3.10'
PATH_SEPARATOR=':'
POSUB='po'
SARGPHPDIR='/var/www/html'
SED='/usr/bin/sed'
SET_MAKE=''
SHELL='/bin/sh'
USE_NLS='yes'
VERSION='2.3.10'
XGETTEXT='/usr/bin/xgettext'
XGETTEXT_015='/usr/bin/xgettext'
XGETTEXT_EXTRA_OPTIONS=''
XSL_HTML_STYLESHEET=''
XSL_MAN_STYLESHEET=''
ac_ct_CC='gcc'
bindir='${exec_prefix}/bin'
build='x86_64-unknown-linux-gnu'
build_alias=''
build_cpu='x86_64'
build_os='linux-gnu'
build_vendor='unknown'
datadir='${datarootdir}'
datarootdir='${prefix}/share'
docdir='${datarootdir}/doc/${PACKAGE_TARNAME}'
dvidir='${docdir}'
exec_prefix='${prefix}'
host='x86_64-unknown-linux-gnu'
host_alias=''
host_cpu='x86_64'
host_os='linux-gnu'
host_vendor='unknown'
htmldir='${docdir}'
includedir='${prefix}/include'
infodir='${datarootdir}/info'
libdir='${exec_prefix}/lib'
libexecdir='${exec_prefix}/libexec'
localedir='${datarootdir}/locale'
localstatedir='${prefix}/var'
mandir='${datarootdir}/man'
oldincludedir='/usr/include'
pdfdir='${docdir}'
prefix='/usr/local'
program_transform_name='s,x,x,'
psdir='${docdir}'
sbindir='${exec_prefix}/sbin'
sharedstatedir='${prefix}/com'
sysconfdir='${prefix}/etc'
target_alias=''

## ----------- ##
## confdefs.h. ##
## ----------- ##

/* confdefs.h */
#define PACKAGE_NAME "sarg"
#define PACKAGE_TARNAME "sarg"
#define PACKAGE_VERSION "2.3.10"
#define PACKAGE_STRING "sarg 2.3.10"
#define PACKAGE_BUGREPORT ""
#define PACKAGE_URL ""
#define HAVE_DIRENT_H 1
#define STDC_HEADERS 1
#define HAVE_SYS_TYPES_H 1
#define HAVE_SYS_STAT_H 1
#define HAVE_STDLIB_H 1
#define HAVE_STRING_H 1
#define HAVE_MEMORY_H 1
#define HAVE_STRINGS_H 1
#define HAVE_INTTYPES_H 1
#define HAVE_STDINT_H 1
#define HAVE_UNISTD_H 1
#define HAVE_STDIO_H 1
#define HAVE_STDLIB_H 1
#define HAVE_STRING_H 1
#define HAVE_STRINGS_H 1
#define HAVE_SYS_TIME_H 1
#define HAVE_TIME_H 1
#define HAVE_UNISTD_H 1
#define HAVE_DIRENT_H 1
#define HAVE_SYS_TYPES_H 1
#define HAVE_SYS_SOCKET_H 1
#define HAVE_NETDB_H 1
#define HAVE_ARPA_INET_H 1
#define HAVE_NETINET_IN_H 1
#define HAVE_SYS_STAT_H 1
#define HAVE_CTYPE_H 1
#define HAVE_ERRNO_H 1
#define HAVE_SYS_RESOURCE_H 1
#define HAVE_SYS_WAIT_H 1
#define HAVE_STDARG_H 1
#define HAVE_INTTYPES_H 1
#define HAVE_LIMITS_H 1
#define HAVE_LOCALE_H 1
#define HAVE_EXECINFO_H 1
#define HAVE_MATH_H 1
#define HAVE_LIBINTL_H 1
#define HAVE_LIBGEN_H 1
#define HAVE_STDBOOL_H 1
#define HAVE_GETOPT_H 1
#define HAVE_FCNTL_H 1
#define HAVE_GD_H 1
#define HAVE_GDFONTL_H 1
#define HAVE_GDFONTT_H 1
#define HAVE_GDFONTS_H 1
#define HAVE_GDFONTMB_H 1
#define HAVE_GDFONTG_H 1
#define HAVE_ICONV 1
#define ICONV_CONST 
#define HAVE_ICONV_H 1
#define HAVE_PCRE_H 1
#define ENABLE_NLS 1
#define HAVE_GETTEXT 1
#define HAVE_DCGETTEXT 1
#define HAVE_FOPEN64 1
#define _LARGEFILE64_SOURCE 1
#define HAVE_BZERO 1
#define HAVE_BACKTRACE 1
#define HAVE_SYMLINK 1
#define HAVE_LSTAT 1
#define HAVE_GETNAMEINFO 1
#define HAVE_GETADDRINFO 1
#define HAVE_MKSTEMP 1
#define SIZEOF_RLIM_T 8
#define RLIM_STRING "%lli"

configure: exit 0
